<?xml version="1.0" encoding="UTF-8"?>
<testng-results ignored="0" total="1" passed="1" failed="0" skipped="0">
  <reporter-output>
  </reporter-output>
  <suite started-at="2024-12-20T18:40:28 IST" name="Default suite" finished-at="2024-12-20T18:40:36 IST" duration-ms="7664">
    <groups>
    </groups>
    <test started-at="2024-12-20T18:40:28 IST" name="Default test" finished-at="2024-12-20T18:40:36 IST" duration-ms="7664">
      <class name="section34.Section34">
        <test-method is-config="true" signature="setUp()[pri:0, instance:section34.Section34@f0da945]" started-at="2024-12-20T18:40:28 IST" name="setUp" finished-at="2024-12-20T18:40:30 IST" duration-ms="1447" status="PASS">
          <reporter-output>
          </reporter-output>
        </test-method> <!-- setUp -->
        <test-method signature="validateFormAuthentication_using_csrfToken()[pri:0, instance:section34.Section34@f0da945]" started-at="2024-12-20T18:40:30 IST" name="validateFormAuthentication_using_csrfToken" finished-at="2024-12-20T18:40:36 IST" duration-ms="6135" status="PASS">
          <reporter-output>
          </reporter-output>
        </test-method> <!-- validateFormAuthentication_using_csrfToken -->
      </class> <!-- section34.Section34 -->
    </test> <!-- Default test -->
  </suite> <!-- Default suite -->
</testng-results>
